Belt
belts
Top
tops
blouse
blouses
boyshorts
bras
bra
skirt
skirts
skirt set
skirt sets
sets
pants set
pant sets
pants
2 piece set
jeans
2 piece
tie
ties
pajama
pajamas
training bras
hoodie
2 pieceset
creeper and pants set
pullover 
pull over 
sleeper
underwear
underwears
Leggings
blazer
3 piece skirt set
thermal
thermals
jeggings
crapris
sweatpants
capris
romper
rompers
suit
suits
cap
caps
band
bands
hats
hat
nightgown
night gown
nightgowns
robes
jersey
jerseys
ear muff
tank top
bustier
warmer
night robe
scarf
scarves
cardigan
capri pants
one piece
2 pc
cardigans
vest
vests
monokini
pantyhose
tunics
tunic
Trousers
flip flops
t-shirt
t-shirts
bracelettes
bralette
bottoms
shorts
jacket
jackets
socks
maxi dress
boots
boot
loafers
sneakers
loafer
shoes
bra and cheekies set
bra and panites
bras and panties
panties
sweat suits
tee
tees
dress
shirt
shirts
Bikini
bikinis
dresses
outfits
outfit
2 piece sweat suit
2 piece suit
set
raincoat
wrap skirt
long skirt
robe
2 Pair
3 Piece