denim
leather
down
fleece
fur
sport
tuxedos
diapers
trunks
polos
tank tops
tank top
bibs
gloves
mittens
warmers
blankets
sunglasses
tights
bloomers
tanks
tank
camisoles
overalls
footies
sweatshirts
tracks
coats
sweaters
sunsuits
tankinis
bow
bow tie
bow ties
earmuffs
baseball
bomber
cowboy
bucket
fedoras
rain
sun
athletic
neck
fashion
snow
boxer
briefs
uniform
special occasion
skorts
slips
clutches
bags
wallets
wristlets
racer
backpacks
cuff links
tie clips
jammers
rash guards
thongs
union suits
undershirts
band
music fan
special
babydolls
novelty
special use
exotic
costumes
lingerie
teddies
buttons and pins
buttons
keychains
baseball
basketball
bowling
boxing
camping
hiking
cheerleading
climbing
cycling
dance
football
golf
teddy
trendy
warm
office
formal
gown
party
evening
princess
sparkly
glowy
fairy
office look
handball
ice hockey
martial arts
rugby
running
skateboarding
skiing
snowboarding
soccer
swimwear
tennis
volleyball
yoga
work wear
uniforms
maternity